<?xml version="1.0" encoding="UTF-8"?>
<!-- Generated by org.testng.reporters.JUnitReportReporter -->
<testsuite hostname="BAKUMARHA" failures="0" tests="1" name="restAPIBDD.PostRequestBDD" time="1.668" errors="0" timestamp="19 Mar 2021 05:30:37 GMT" skipped="0">
  <testcase classname="restAPIBDD.PostRequestBDD" name="test1" time="1.668"/>
</testsuite> <!-- restAPIBDD.PostRequestBDD -->
