<?xml version="1.0" encoding="UTF-8"?>
<!-- Generated by org.testng.reporters.JUnitReportReporter -->
<testsuite hostname="BAKUMARHA" failures="0" tests="1" name="restAPIBDD.PutRequestBDD" time="1.666" errors="0" timestamp="19 Mar 2021 05:32:29 GMT" skipped="0">
  <testcase classname="restAPIBDD.PutRequestBDD" name="test1" time="1.666"/>
</testsuite> <!-- restAPIBDD.PutRequestBDD -->
