<?xml version="1.0" encoding="UTF-8"?>
<!-- Generated by org.testng.reporters.JUnitReportReporter -->
<testsuite hostname="BAKUMARHA" failures="0" tests="1" name="restAPI.deleteRequest" time="1.196" errors="0" timestamp="18 Mar 2021 07:10:10 GMT" skipped="0">
  <testcase classname="restAPI.deleteRequest" name="test1" time="1.196"/>
</testsuite> <!-- restAPI.deleteRequest -->
