<?xml version="1.0" encoding="UTF-8"?>
<!-- Generated by org.testng.reporters.JUnitReportReporter -->
<testsuite hostname="BAKUMARHA" failures="0" tests="1" name="restAPI.PostWithJsonObj" time="1.203" errors="0" timestamp="18 Mar 2021 06:53:56 GMT" skipped="0">
  <testcase classname="restAPI.PostWithJsonObj" name="test1" time="1.203"/>
</testsuite> <!-- restAPI.PostWithJsonObj -->
