<?xml version="1.0" encoding="UTF-8"?>
<!-- Generated by org.testng.reporters.JUnitReportReporter -->
<testsuite hostname="BAKUMARHA" failures="0" tests="1" name="restAPI.GetRequest" time="1.263" errors="0" timestamp="18 Mar 2021 04:49:34 GMT" skipped="0">
  <testcase classname="restAPI.GetRequest" name="test1" time="1.263"/>
</testsuite> <!-- restAPI.GetRequest -->
