<?xml version="1.0" encoding="UTF-8"?>
<!-- Generated by org.testng.reporters.JUnitReportReporter -->
<testsuite hostname="BAKUMARHA" failures="0" tests="1" name="restAPI.GetRequestwithParam" time="1.648" errors="0" timestamp="18 Mar 2021 07:23:10 GMT" skipped="0">
  <testcase classname="restAPI.GetRequestwithParam" name="test1" time="1.648"/>
</testsuite> <!-- restAPI.GetRequestwithParam -->
