<?xml version="1.0" encoding="UTF-8"?>
<!-- Generated by org.testng.reporters.JUnitReportReporter -->
<testsuite hostname="BAKUMARHA" failures="0" tests="1" name="restAPI.PutRequest" time="1.184" errors="0" timestamp="18 Mar 2021 07:03:54 GMT" skipped="0">
  <testcase classname="restAPI.PutRequest" name="test1" time="1.184"/>
</testsuite> <!-- restAPI.PutRequest -->
