<?xml version="1.0" encoding="UTF-8"?>
<!-- Generated by org.testng.reporters.JUnitReportReporter -->
<testsuite hostname="BAKUMARHA" failures="0" tests="1" name="restAPIBDD.DeleteRequestBDD" time="1.204" errors="0" timestamp="19 Mar 2021 05:23:31 GMT" skipped="0">
  <testcase classname="restAPIBDD.DeleteRequestBDD" name="test1" time="1.204"/>
</testsuite> <!-- restAPIBDD.DeleteRequestBDD -->
